<?xml version="1.0" encoding="UTF-8"?>
<testsuite xmlns:xsi="http://www.w3.org/2001/XMLSchema-instance" xsi:noNamespaceSchemaLocation="https://maven.apache.org/surefire/maven-surefire-plugin/xsd/surefire-test-report.xsd" version="3.0.2" name="com.dbtraining.reconx.service.ReconciliationIntegrationTest" time="22.712" tests="1" errors="0" skipped="0" failures="0">
  <properties>
[...]
</properties>
  <testcase name="containerIsRunning" classname="com.dbtraining.reconx.service.ReconciliationIntegrationTest" time="0.478">
    <system-out><![CDATA[16:43:16.263 [main] INFO org.springframework.test.context.support.AnnotationConfigContextLoaderUtils -- Could not detect default configuration classes for test class [com.dbtraining.reconx.service.ReconciliationIntegrationTest]: ReconciliationIntegrationTest does not declare any static, non-private, non-final, nested classes annotated with @Configuration.
16:43:16.587 [main] INFO org.springframework.boot.test.context.SpringBootTestContextBootstrapper -- Found @SpringBootConfiguration com.dbtraining.reconx.ReconxApplication for test class com.dbtraining.reconx.service.ReconciliationIntegrationTest
16:43:17.048 [main] INFO org.testcontainers.images.PullPolicy -- Image pull policy will be performed by: DefaultPullPolicy()
16:43:17.055 [main] INFO org.testcontainers.utility.ImageNameSubstitutor -- Image name substitution will be performed by: DefaultImageNameSubstitutor (composite of 'ConfigurationFileImageNameSubstitutor' and 'PrefixingImageNameSubstitutor')
16:43:17.149 [main] INFO org.testcontainers.DockerClientFactory -- Testcontainers version: 1.20.3
16:43:17.717 [main] INFO org.testcontainers.dockerclient.DockerClientProviderStrategy -- Loaded org.testcontainers.dockerclient.NpipeSocketClientProviderStrategy from ~/.testcontainers.properties, will try it first
16:43:18.305 [main] INFO org.testcontainers.dockerclient.DockerClientProviderStrategy -- Found Docker environment with local Npipe socket (npipe:////./pipe/docker_engine)
16:43:18.308 [main] INFO org.testcontainers.DockerClientFactory -- Docker host IP address is localhost
16:43:18.335 [main] INFO org.testcontainers.DockerClientFactory -- Connected to docker: 
  Server Version: 28.4.0
  API Version: 1.51
  Operating System: Docker Desktop
  Total Memory: 7776 MB
  Labels: 
    com.docker.desktop.address=npipe://\\.\pipe\docker_cli
16:43:18.509 [main] INFO tc.testcontainers/ryuk:0.9.0 -- Creating container for image: testcontainers/ryuk:0.9.0
16:43:18.666 [main] INFO org.testcontainers.utility.RegistryAuthLocator -- Failure when attempting to lookup auth config. Please ignore if you don't have images in an authenticated registry. Details: (dockerImageName: testcontainers/ryuk:0.9.0, configFile: C:\Users\nandh\.docker\config.json, configEnv: DOCKER_AUTH_CONFIG). Falling back to docker-java default behaviour. Exception message: Unrecognized token 'credentials': was expecting ('true', 'false' or 'null')
 at [Source: credentials not found in native keychain; line: 1, column: 12]
16:43:18.935 [main] INFO tc.testcontainers/ryuk:0.9.0 -- Container testcontainers/ryuk:0.9.0 is starting: 34001193b5659faab1af4d888b1df5a3df6c4e6314256aa0f8c12a8b52ec23b4
16:43:19.491 [main] INFO tc.testcontainers/ryuk:0.9.0 -- Container testcontainers/ryuk:0.9.0 started in PT0.9821728S
16:43:19.503 [main] INFO org.testcontainers.utility.RyukResourceReaper -- Ryuk started - will monitor and terminate Testcontainers containers on JVM exit
16:43:19.503 [main] INFO org.testcontainers.DockerClientFactory -- Checking the system...
16:43:19.505 [main] INFO org.testcontainers.DockerClientFactory -- ✔︎ Docker server version should be at least 1.6.0
16:43:19.505 [main] INFO tc.postgres:16-alpine -- Creating container for image: postgres:16-alpine
16:43:19.626 [main] INFO tc.postgres:16-alpine -- Container postgres:16-alpine is starting: bf28e4ed5ebc48e8535f79137cec42d72061ff5d98252de689ca8c4ea897678a
16:43:21.542 [main] INFO tc.postgres:16-alpine -- Container postgres:16-alpine started in PT2.0368879S
16:43:21.544 [main] INFO tc.postgres:16-alpine -- Container is started (JDBC URL: jdbc:postgresql://localhost:55023/reconx?loggerLevel=OFF)

  .   ____          _            __ _ _
 /\\ / ___'_ __ _ _(_)_ __  __ _ \ \ \ \
( ( )\___ | '_ | '_| | '_ \/ _` | \ \ \ \
 \\/  ___)| |_)| | | | | || (_| |  ) ) ) )
  '  |____| .__|_| |_|_| |_\__, | / / / /
 =========|_|==============|___/=/_/_/_/

 :: Spring Boot ::                (v3.5.0)

2026-07-30T16:43:22.428+05:30  INFO 35196 --- [reconx] [           main] [] []c.d.r.s.ReconciliationIntegrationTest    : Starting ReconciliationIntegrationTest using Java 21.0.7 with PID 35196 (started by nandh in C:\Users\nandh\Ideaprojects\Team3\backend)
2026-07-30T16:43:22.429+05:30 DEBUG 35196 --- [reconx] [           main] [] []c.d.r.s.ReconciliationIntegrationTest    : Running with Spring Boot v3.5.0, Spring v6.2.7
2026-07-30T16:43:22.429+05:30  INFO 35196 --- [reconx] [           main] [] []c.d.r.s.ReconciliationIntegrationTest    : The following 1 profile is active: "dev"
2026-07-30T16:43:24.817+05:30  INFO 35196 --- [reconx] [           main] [] [].s.d.r.c.RepositoryConfigurationDelegate : Bootstrapping Spring Data JPA repositories in DEFAULT mode.
2026-07-30T16:43:24.945+05:30  INFO 35196 --- [reconx] [           main] [] [].s.d.r.c.RepositoryConfigurationDelegate : Finished Spring Data repository scanning in 110 ms. Found 6 JPA repository interfaces.
2026-07-30T16:43:26.255+05:30  INFO 35196 --- [reconx] [           main] [] []com.zaxxer.hikari.HikariDataSource       : HikariPool-1 - Starting...
2026-07-30T16:43:26.552+05:30  INFO 35196 --- [reconx] [           main] [] []com.zaxxer.hikari.pool.HikariPool        : HikariPool-1 - Added connection org.postgresql.jdbc.PgConnection@10d31b98
2026-07-30T16:43:26.555+05:30  INFO 35196 --- [reconx] [           main] [] []com.zaxxer.hikari.HikariDataSource       : HikariPool-1 - Start completed.
2026-07-30T16:43:26.816+05:30  INFO 35196 --- [reconx] [           main] [] []liquibase.database                       : Set default schema name to public
2026-07-30T16:43:27.677+05:30  INFO 35196 --- [reconx] [           main] [] []liquibase.changelog                      : Creating database history table with name: public.databasechangelog
2026-07-30T16:43:27.744+05:30  INFO 35196 --- [reconx] [           main] [] []liquibase.changelog                      : Reading from public.databasechangelog
2026-07-30T16:43:27.991+05:30  INFO 35196 --- [reconx] [           main] [] []liquibase.snapshot                       : Creating snapshot
2026-07-30T16:43:28.288+05:30  INFO 35196 --- [reconx] [           main] [] []liquibase.lockservice                    : Successfully acquired change log lock
2026-07-30T16:43:28.291+05:30  INFO 35196 --- [reconx] [           main] [] []liquibase.command                        : Using deploymentId: 5410006222
2026-07-30T16:43:28.296+05:30  INFO 35196 --- [reconx] [           main] [] []liquibase.changelog                      : Reading from public.databasechangelog
2026-07-30T16:43:28.350+05:30  INFO 35196 --- [reconx] [           main] [] []liquibase.ui                             : Running Changeset: db/changelog/changes/001-init.xml::001-init-tag::trainer
2026-07-30T16:43:28.368+05:30  INFO 35196 --- [reconx] [           main] [] []liquibase.changelog                      : Tag 'v1.0.0-init' applied to database
2026-07-30T16:43:28.371+05:30  INFO 35196 --- [reconx] [           main] [] []liquibase.changelog                      : ChangeSet db/changelog/changes/001-init.xml::001-init-tag::trainer ran successfully in 21ms
2026-07-30T16:43:28.383+05:30  INFO 35196 --- [reconx] [           main] [] []liquibase.ui                             : Running Changeset: db/changelog/changes/002-schema.xml::002-create-counterparties::trainer
2026-07-30T16:43:28.395+05:30  INFO 35196 --- [reconx] [           main] [] []liquibase.changelog                      : Table counterparties created
2026-07-30T16:43:28.397+05:30  INFO 35196 --- [reconx] [           main] [] []liquibase.changelog                      : ChangeSet db/changelog/changes/002-schema.xml::002-create-counterparties::trainer ran successfully in 14ms
2026-07-30T16:43:28.403+05:30  INFO 35196 --- [reconx] [           main] [] []liquibase.ui                             : Running Changeset: db/changelog/changes/002-schema.xml::002-create-instruments::trainer
2026-07-30T16:43:28.413+05:30  INFO 35196 --- [reconx] [           main] [] []liquibase.changelog                      : Table instruments created
2026-07-30T16:43:28.415+05:30  INFO 35196 --- [reconx] [           main] [] []liquibase.changelog                      : ChangeSet db/changelog/changes/002-schema.xml::002-create-instruments::trainer ran successfully in 12ms
2026-07-30T16:43:28.422+05:30  INFO 35196 --- [reconx] [           main] [] []liquibase.ui                             : Running Changeset: db/changelog/changes/002-schema.xml::002-create-trades::trainer
2026-07-30T16:43:28.431+05:30  INFO 35196 --- [reconx] [           main] [] []liquibase.changelog                      : Table trades created
2026-07-30T16:43:28.437+05:30  INFO 35196 --- [reconx] [           main] [] []liquibase.changelog                      : Foreign key constraint added to trades (instrument_id)
2026-07-30T16:43:28.442+05:30  INFO 35196 --- [reconx] [           main] [] []liquibase.changelog                      : Foreign key constraint added to trades (counterparty_id)
2026-07-30T16:43:28.446+05:30  INFO 35196 --- [reconx] [           main] [] []liquibase.changelog                      : Index idx_trades_trade_date created
2026-07-30T16:43:28.449+05:30  INFO 35196 --- [reconx] [           main] [] []liquibase.changelog                      : Index idx_trades_status created
2026-07-30T16:43:28.451+05:30  INFO 35196 --- [reconx] [           main] [] []liquibase.changelog                      : ChangeSet db/changelog/changes/002-schema.xml::002-create-trades::trainer ran successfully in 29ms
2026-07-30T16:43:28.457+05:30  INFO 35196 --- [reconx] [           main] [] []liquibase.ui                             : Running Changeset: db/changelog/changes/002-schema.xml::002-create-settlements::trainer
2026-07-30T16:43:28.465+05:30  INFO 35196 --- [reconx] [           main] [] []liquibase.changelog                      : Table settlements created
2026-07-30T16:43:28.469+05:30  INFO 35196 --- [reconx] [           main] [] []liquibase.changelog                      : Foreign key constraint added to settlements (trade_id)
2026-07-30T16:43:28.470+05:30  INFO 35196 --- [reconx] [           main] [] []liquibase.changelog                      : ChangeSet db/changelog/changes/002-schema.xml::002-create-settlements::trainer ran successfully in 13ms
2026-07-30T16:43:28.474+05:30  INFO 35196 --- [reconx] [           main] [] []liquibase.ui                             : Running Changeset: db/changelog/changes/003-jsonb.xml::003-jsonb-on-instruments::trainer
2026-07-30T16:43:28.494+05:30  INFO 35196 --- [reconx] [           main] [] []liquibase.changelog                      : Custom SQL executed
2026-07-30T16:43:28.499+05:30  INFO 35196 --- [reconx] [           main] [] []liquibase.changelog                      : Custom SQL executed
2026-07-30T16:43:28.500+05:30  INFO 35196 --- [reconx] [           main] [] []liquibase.changelog                      : ChangeSet db/changelog/changes/003-jsonb.xml::003-jsonb-on-instruments::trainer ran successfully in 25ms
2026-07-30T16:43:28.505+05:30  INFO 35196 --- [reconx] [           main] [] []liquibase.ui                             : Running Changeset: db/changelog/changes/004-partitioning.xml::004-partition-current-month::trainer
2026-07-30T16:43:28.511+05:30  INFO 35196 --- [reconx] [           main] [] []liquibase.changelog                      : Custom SQL executed
2026-07-30T16:43:28.512+05:30  INFO 35196 --- [reconx] [           main] [] []liquibase.changelog                      : ChangeSet db/changelog/changes/004-partitioning.xml::004-partition-current-month::trainer ran successfully in 6ms
2026-07-30T16:43:28.516+05:30  INFO 35196 --- [reconx] [           main] [] []liquibase.ui                             : Running Changeset: db/changelog/changes/005-mat-views.xml::005-mv-daily-recon-summary::trainer
2026-07-30T16:43:28.530+05:30  INFO 35196 --- [reconx] [           main] [] []liquibase.changelog                      : Custom SQL executed
2026-07-30T16:43:28.533+05:30  INFO 35196 --- [reconx] [           main] [] []liquibase.changelog                      : ChangeSet db/changelog/changes/005-mat-views.xml::005-mv-daily-recon-summary::trainer ran successfully in 15ms
2026-07-30T16:43:28.537+05:30  INFO 35196 --- [reconx] [           main] [] []liquibase.ui                             : Running Changeset: db/changelog/changes/006-audit-and-recon.xml::006-create-audit-log::trainer
2026-07-30T16:43:28.547+05:30  INFO 35196 --- [reconx] [           main] [] []liquibase.changelog                      : Table audit_log created
2026-07-30T16:43:28.550+05:30  INFO 35196 --- [reconx] [           main] [] []liquibase.changelog                      : Index idx_audit_log_trade_ref created
2026-07-30T16:43:28.552+05:30  INFO 35196 --- [reconx] [           main] [] []liquibase.changelog                      : ChangeSet db/changelog/changes/006-audit-and-recon.xml::006-create-audit-log::trainer ran successfully in 15ms
2026-07-30T16:43:28.559+05:30  INFO 35196 --- [reconx] [           main] [] []liquibase.ui                             : Running Changeset: db/changelog/changes/006-audit-and-recon.xml::006-create-recon-breaks::trainer
2026-07-30T16:43:28.567+05:30  INFO 35196 --- [reconx] [           main] [] []liquibase.changelog                      : Table recon_breaks created
2026-07-30T16:43:28.570+05:30  INFO 35196 --- [reconx] [           main] [] []liquibase.changelog                      : Foreign key constraint added to recon_breaks (trade_id)
2026-07-30T16:43:28.571+05:30  INFO 35196 --- [reconx] [           main] [] []liquibase.changelog                      : ChangeSet db/changelog/changes/006-audit-and-recon.xml::006-create-recon-breaks::trainer ran successfully in 12ms
2026-07-30T16:43:28.580+05:30  INFO 35196 --- [reconx] [           main] [] []liquibase.ui                             : Running Changeset: db/changelog/changes/006-audit-and-recon.xml::006-create-recon-jobs::trainer
2026-07-30T16:43:28.588+05:30  INFO 35196 --- [reconx] [           main] [] []liquibase.changelog                      : Table recon_jobs created
2026-07-30T16:43:28.591+05:30  INFO 35196 --- [reconx] [           main] [] []liquibase.changelog                      : ChangeSet db/changelog/changes/006-audit-and-recon.xml::006-create-recon-jobs::trainer ran successfully in 10ms
2026-07-30T16:43:28.597+05:30  INFO 35196 --- [reconx] [           main] [] []liquibase.ui                             : Running Changeset: db/changelog/changes/007-users-rbac.xml::007-create-users::trainer
2026-07-30T16:43:28.605+05:30  INFO 35196 --- [reconx] [           main] [] []liquibase.changelog                      : Table users created
2026-07-30T16:43:28.607+05:30  INFO 35196 --- [reconx] [           main] [] []liquibase.changelog                      : ChangeSet db/changelog/changes/007-users-rbac.xml::007-create-users::trainer ran successfully in 10ms
2026-07-30T16:43:28.615+05:30  INFO 35196 --- [reconx] [           main] [] []liquibase.ui                             : Running Changeset: db/changelog/changes/008-seed.xml::008-seed-counterparties::trainer
2026-07-30T16:43:28.649+05:30  INFO 35196 --- [reconx] [           main] [] []liquibase.changelog                      : Data loaded from 'data/counterparties.csv' into table 'counterparties'
2026-07-30T16:43:28.651+05:30  INFO 35196 --- [reconx] [           main] [] []liquibase.changelog                      : ChangeSet db/changelog/changes/008-seed.xml::008-seed-counterparties::trainer ran successfully in 35ms
2026-07-30T16:43:28.658+05:30  INFO 35196 --- [reconx] [           main] [] []liquibase.ui                             : Running Changeset: db/changelog/changes/008-seed.xml::008-seed-instruments::trainer
2026-07-30T16:43:28.673+05:30  INFO 35196 --- [reconx] [           main] [] []liquibase.changelog                      : Data loaded from 'data/instruments.csv' into table 'instruments'
2026-07-30T16:43:28.675+05:30  INFO 35196 --- [reconx] [           main] [] []liquibase.changelog                      : ChangeSet db/changelog/changes/008-seed.xml::008-seed-instruments::trainer ran successfully in 17ms
2026-07-30T16:43:28.682+05:30  INFO 35196 --- [reconx] [           main] [] []liquibase.ui                             : Running Changeset: db/changelog/changes/008-seed.xml::008-seed-users::trainer
2026-07-30T16:43:28.687+05:30  INFO 35196 --- [reconx] [           main] [] []liquibase.changelog                      : New row inserted into users
2026-07-30T16:43:28.690+05:30  INFO 35196 --- [reconx] [           main] [] []liquibase.changelog                      : New row inserted into users
2026-07-30T16:43:28.693+05:30  INFO 35196 --- [reconx] [           main] [] []liquibase.changelog                      : New row inserted into users
2026-07-30T16:43:28.696+05:30  INFO 35196 --- [reconx] [           main] [] []liquibase.changelog                      : New row inserted into users
2026-07-30T16:43:28.697+05:30  INFO 35196 --- [reconx] [           main] [] []liquibase.changelog                      : ChangeSet db/changelog/changes/008-seed.xml::008-seed-users::trainer ran successfully in 15ms
2026-07-30T16:43:28.710+05:30  INFO 35196 --- [reconx] [           main] [] []liquibase.util                           : UPDATE SUMMARY
2026-07-30T16:43:28.710+05:30  INFO 35196 --- [reconx] [           main] [] []liquibase.util                           : Run:                         15
2026-07-30T16:43:28.711+05:30  INFO 35196 --- [reconx] [           main] [] []liquibase.util                           : Previously run:               0
2026-07-30T16:43:28.711+05:30  INFO 35196 --- [reconx] [           main] [] []liquibase.util                           : Filtered out:                 0
2026-07-30T16:43:28.711+05:30  INFO 35196 --- [reconx] [           main] [] []liquibase.util                           : -------------------------------
2026-07-30T16:43:28.711+05:30  INFO 35196 --- [reconx] [           main] [] []liquibase.util                           : Total change sets:           15
2026-07-30T16:43:28.712+05:30  INFO 35196 --- [reconx] [           main] [] []liquibase.util                           : Update summary generated
2026-07-30T16:43:28.713+05:30  INFO 35196 --- [reconx] [           main] [] []liquibase.command                        : Update command completed successfully.
2026-07-30T16:43:28.713+05:30  INFO 35196 --- [reconx] [           main] [] []liquibase.ui                             : Liquibase: Update has been successful. Rows affected: 44
2026-07-30T16:43:28.722+05:30  INFO 35196 --- [reconx] [           main] [] []liquibase.lockservice                    : Successfully released change log lock
2026-07-30T16:43:28.726+05:30  INFO 35196 --- [reconx] [           main] [] []liquibase.command                        : Command execution complete
2026-07-30T16:43:30.396+05:30  INFO 35196 --- [reconx] [           main] [] []o.hibernate.jpa.internal.util.LogHelper  : HHH000204: Processing PersistenceUnitInfo [name: default]
2026-07-30T16:43:30.532+05:30  INFO 35196 --- [reconx] [           main] [] []org.hibernate.Version                    : HHH000412: Hibernate ORM core version 6.6.15.Final
2026-07-30T16:43:30.595+05:30  INFO 35196 --- [reconx] [           main] [] []o.h.c.internal.RegionFactoryInitiator    : HHH000026: Second-level cache disabled
2026-07-30T16:43:30.803+05:30  INFO 35196 --- [reconx] [           main] [] []o.h.e.boot.internal.EnversServiceImpl    : Envers integration enabled? : true
2026-07-30T16:43:30.898+05:30  WARN 35196 --- [reconx] [           main] [] []org.hibernate.orm.deprecation            : HHH90000025: H2Dialect does not need to be specified explicitly using 'hibernate.dialect' (remove the property setting and it will be selected by default)
2026-07-30T16:43:30.918+05:30  WARN 35196 --- [reconx] [           main] [] []com.zaxxer.hikari.pool.ProxyConnection   : HikariPool-1 - Connection org.postgresql.jdbc.PgConnection@10d31b98 marked as broken because of SQLSTATE(0A000), ErrorCode(0)

java.sql.SQLFeatureNotSupportedException: Method org.postgresql.jdbc.PgConnection.createClob() is not yet implemented.
	at org.postgresql.Driver.notImplemented(Driver.java:743) ~[postgresql-42.7.5.jar:42.7.5]
	at org.postgresql.jdbc.PgConnection.createClob(PgConnection.java:1455) ~[postgresql-42.7.5.jar:42.7.5]
	at com.zaxxer.hikari.pool.HikariProxyConnection.createClob(HikariProxyConnection.java) ~[HikariCP-6.3.0.jar:na]
	at org.hibernate.engine.jdbc.env.internal.LobCreationHelper.canCreateClob(LobCreationHelper.java:86) ~[hibernate-core-6.6.15.Final.jar:6.6.15.Final]
	at org.hibernate.engine.jdbc.env.internal.LobCreationHelper.getSupportedContextualLobTypes(LobCreationHelper.java:71) ~[hibernate-core-6.6.15.Final.jar:6.6.15.Final]
	at org.hibernate.engine.jdbc.env.internal.LobCreatorBuilderImpl.makeLobCreatorBuilder(LobCreatorBuilderImpl.java:51) ~[hibernate-core-6.6.15.Final.jar:6.6.15.Final]
	at org.hibernate.engine.jdbc.env.internal.JdbcEnvironmentImpl.<init>(JdbcEnvironmentImpl.java:306) ~[hibernate-core-6.6.15.Final.jar:6.6.15.Final]
	at org.hibernate.engine.jdbc.env.internal.JdbcEnvironmentInitiator$1.execute(JdbcEnvironmentInitiator.java:369) ~[hibernate-core-6.6.15.Final.jar:6.6.15.Final]
	at org.hibernate.engine.jdbc.env.internal.JdbcEnvironmentInitiator$1.execute(JdbcEnvironmentInitiator.java:337) ~[hibernate-core-6.6.15.Final.jar:6.6.15.Final]
	at org.hibernate.jdbc.WorkExecutor.executeReturningWork(WorkExecutor.java:58) ~[hibernate-core-6.6.15.Final.jar:6.6.15.Final]
	at org.hibernate.jdbc.AbstractReturningWork.accept(AbstractReturningWork.java:34) ~[hibernate-core-6.6.15.Final.jar:6.6.15.Final]
	at org.hibernate.resource.transaction.backend.jdbc.internal.JdbcIsolationDelegate.delegateWork(JdbcIsolationDelegate.java:70) ~[hibernate-core-6.6.15.Final.jar:6.6.15.Final]
	at org.hibernate.engine.jdbc.env.internal.JdbcEnvironmentInitiator.getJdbcEnvironmentUsingJdbcMetadata(JdbcEnvironmentInitiator.java:336) ~[hibernate-core-6.6.15.Final.jar:6.6.15.Final]
	at org.hibernate.engine.jdbc.env.internal.JdbcEnvironmentInitiator.initiateService(JdbcEnvironmentInitiator.java:129) ~[hibernate-core-6.6.15.Final.jar:6.6.15.Final]
	at org.hibernate.engine.jdbc.env.internal.JdbcEnvironmentInitiator.initiateService(JdbcEnvironmentInitiator.java:81) ~[hibernate-core-6.6.15.Final.jar:6.6.15.Final]
	at org.hibernate.boot.registry.internal.StandardServiceRegistryImpl.initiateService(StandardServiceRegistryImpl.java:130) ~[hibernate-core-6.6.15.Final.jar:6.6.15.Final]
	at org.hibernate.service.internal.AbstractServiceRegistryImpl.createService(AbstractServiceRegistryImpl.java:263) ~[hibernate-core-6.6.15.Final.jar:6.6.15.Final]
	at org.hibernate.service.internal.AbstractServiceRegistryImpl.initializeService(AbstractServiceRegistryImpl.java:238) ~[hibernate-core-6.6.15.Final.jar:6.6.15.Final]
	at org.hibernate.service.internal.AbstractServiceRegistryImpl.getService(AbstractServiceRegistryImpl.java:215) ~[hibernate-core-6.6.15.Final.jar:6.6.15.Final]
	at org.hibernate.service.ServiceRegistry.requireService(ServiceRegistry.java:68) ~[hibernate-core-6.6.15.Final.jar:6.6.15.Final]
	at org.hibernate.engine.jdbc.internal.JdbcServicesImpl.configure(JdbcServicesImpl.java:52) ~[hibernate-core-6.6.15.Final.jar:6.6.15.Final]
	at org.hibernate.boot.registry.internal.StandardServiceRegistryImpl.configureService(StandardServiceRegistryImpl.java:136) ~[hibernate-core-6.6.15.Final.jar:6.6.15.Final]
	at org.hibernate.service.internal.AbstractServiceRegistryImpl.initializeService(AbstractServiceRegistryImpl.java:247) ~[hibernate-core-6.6.15.Final.jar:6.6.15.Final]
	at org.hibernate.service.internal.AbstractServiceRegistryImpl.getService(AbstractServiceRegistryImpl.java:215) ~[hibernate-core-6.6.15.Final.jar:6.6.15.Final]
	at io.hypersistence.utils.hibernate.type.HibernateTypesContributor.contribute(HibernateTypesContributor.java:76) ~[hypersistence-utils-hibernate-63-3.9.0.jar:na]
	at org.hibernate.boot.internal.MetadataBuilderImpl.applyTypes(MetadataBuilderImpl.java:295) ~[hibernate-core-6.6.15.Final.jar:6.6.15.Final]
	at java.base/java.lang.Iterable.forEach(Iterable.java:75) ~[na:na]
	at java.base/java.util.Collections$UnmodifiableCollection.forEach(Collections.java:1116) ~[na:na]
	at org.hibernate.jpa.boot.internal.EntityManagerFactoryBuilderImpl.applyTypeContributors(EntityManagerFactoryBuilderImpl.java:1414) ~[hibernate-core-6.6.15.Final.jar:6.6.15.Final]
	at org.hibernate.jpa.boot.internal.EntityManagerFactoryBuilderImpl.applyMetamodelBuilderSettings(EntityManagerFactoryBuilderImpl.java:1395) ~[hibernate-core-6.6.15.Final.jar:6.6.15.Final]
	at org.hibernate.jpa.boot.internal.EntityManagerFactoryBuilderImpl.<init>(EntityManagerFactoryBuilderImpl.java:281) ~[hibernate-core-6.6.15.Final.jar:6.6.15.Final]
	at org.hibernate.jpa.boot.internal.EntityManagerFactoryBuilderImpl.<init>(EntityManagerFactoryBuilderImpl.java:199) ~[hibernate-core-6.6.15.Final.jar:6.6.15.Final]
	at org.springframework.orm.jpa.vendor.SpringHibernateJpaPersistenceProvider.createContainerEntityManagerFactory(SpringHibernateJpaPersistenceProvider.java:54) ~[spring-orm-6.2.7.jar:6.2.7]
	at org.springframework.orm.jpa.LocalContainerEntityManagerFactoryBean.createNativeEntityManagerFactory(LocalContainerEntityManagerFactoryBean.java:390) ~[spring-orm-6.2.7.jar:6.2.7]
	at org.springframework.orm.jpa.AbstractEntityManagerFactoryBean.buildNativeEntityManagerFactory(AbstractEntityManagerFactoryBean.java:419) ~[spring-orm-6.2.7.jar:6.2.7]
	at org.springframework.orm.jpa.AbstractEntityManagerFactoryBean.afterPropertiesSet(AbstractEntityManagerFactoryBean.java:400) ~[spring-orm-6.2.7.jar:6.2.7]
	at org.springframework.orm.jpa.LocalContainerEntityManagerFactoryBean.afterPropertiesSet(LocalContainerEntityManagerFactoryBean.java:366) ~[spring-orm-6.2.7.jar:6.2.7]
	at org.springframework.beans.factory.support.AbstractAutowireCapableBeanFactory.invokeInitMethods(AbstractAutowireCapableBeanFactory.java:1873) ~[spring-beans-6.2.7.jar:6.2.7]
	at org.springframework.beans.factory.support.AbstractAutowireCapableBeanFactory.initializeBean(AbstractAutowireCapableBeanFactory.java:1822) ~[spring-beans-6.2.7.jar:6.2.7]
	at org.springframework.beans.factory.support.AbstractAutowireCapableBeanFactory.doCreateBean(AbstractAutowireCapableBeanFactory.java:607) ~[spring-beans-6.2.7.jar:6.2.7]
	at org.springframework.beans.factory.support.AbstractAutowireCapableBeanFactory.createBean(AbstractAutowireCapableBeanFactory.java:529) ~[spring-beans-6.2.7.jar:6.2.7]
	at org.springframework.beans.factory.support.AbstractBeanFactory.lambda$doGetBean$0(AbstractBeanFactory.java:339) ~[spring-beans-6.2.7.jar:6.2.7]
	at org.springframework.beans.factory.support.DefaultSingletonBeanRegistry.getSingleton(DefaultSingletonBeanRegistry.java:373) ~[spring-beans-6.2.7.jar:6.2.7]
	at org.springframework.beans.factory.support.AbstractBeanFactory.doGetBean(AbstractBeanFactory.java:337) ~[spring-beans-6.2.7.jar:6.2.7]
	at org.springframework.beans.factory.support.AbstractBeanFactory.getBean(AbstractBeanFactory.java:207) ~[spring-beans-6.2.7.jar:6.2.7]
	at org.springframework.context.support.AbstractApplicationContext.finishBeanFactoryInitialization(AbstractApplicationContext.java:970) ~[spring-context-6.2.7.jar:6.2.7]
	at org.springframework.context.support.AbstractApplicationContext.refresh(AbstractApplicationContext.java:627) ~[spring-context-6.2.7.jar:6.2.7]
	at org.springframework.boot.SpringApplication.refresh(SpringApplication.java:753) ~[spring-boot-3.5.0.jar:3.5.0]
	at org.springframework.boot.SpringApplication.refreshContext(SpringApplication.java:439) ~[spring-boot-3.5.0.jar:3.5.0]
	at org.springframework.boot.SpringApplication.run(SpringApplication.java:318) ~[spring-boot-3.5.0.jar:3.5.0]
	at org.springframework.boot.test.context.SpringBootContextLoader.lambda$loadContext$3(SpringBootContextLoader.java:144) ~[spring-boot-test-3.5.0.jar:3.5.0]
	at org.springframework.util.function.ThrowingSupplier.get(ThrowingSupplier.java:58) ~[spring-core-6.2.7.jar:6.2.7]
	at org.springframework.util.function.ThrowingSupplier.get(ThrowingSupplier.java:46) ~[spring-core-6.2.7.jar:6.2.7]
	at org.springframework.boot.SpringApplication.withHook(SpringApplication.java:1462) ~[spring-boot-3.5.0.jar:3.5.0]
	at org.springframework.boot.test.context.SpringBootContextLoader$ContextLoaderHook.run(SpringBootContextLoader.java:563) ~[spring-boot-test-3.5.0.jar:3.5.0]
	at org.springframework.boot.test.context.SpringBootContextLoader.loadContext(SpringBootContextLoader.java:144) ~[spring-boot-test-3.5.0.jar:3.5.0]
	at org.springframework.boot.test.context.SpringBootContextLoader.loadContext(SpringBootContextLoader.java:110) ~[spring-boot-test-3.5.0.jar:3.5.0]
	at org.springframework.test.context.cache.DefaultCacheAwareContextLoaderDelegate.loadContextInternal(DefaultCacheAwareContextLoaderDelegate.java:225) ~[spring-test-6.2.7.jar:6.2.7]
	at org.springframework.test.context.cache.DefaultCacheAwareContextLoaderDelegate.loadContext(DefaultCacheAwareContextLoaderDelegate.java:152) ~[spring-test-6.2.7.jar:6.2.7]
	at org.springframework.test.context.support.DefaultTestContext.getApplicationContext(DefaultTestContext.java:130) ~[spring-test-6.2.7.jar:6.2.7]
	at org.springframework.test.context.web.ServletTestExecutionListener.setUpRequestContextIfNecessary(ServletTestExecutionListener.java:200) ~[spring-test-6.2.7.jar:6.2.7]
	at org.springframework.test.context.web.ServletTestExecutionListener.prepareTestInstance(ServletTestExecutionListener.java:139) ~[spring-test-6.2.7.jar:6.2.7]
	at org.springframework.test.context.TestContextManager.prepareTestInstance(TestContextManager.java:260) ~[spring-test-6.2.7.jar:6.2.7]
	at org.springframework.test.context.junit.jupiter.SpringExtension.postProcessTestInstance(SpringExtension.java:159) ~[spring-test-6.2.7.jar:6.2.7]
	at org.junit.jupiter.engine.descriptor.ClassBasedTestDescriptor.lambda$invokeTestInstancePostProcessors$10(ClassBasedTestDescriptor.java:383) ~[junit-jupiter-engine-5.12.2.jar:5.12.2]
	at org.junit.jupiter.engine.descriptor.ClassBasedTestDescriptor.executeAndMaskThrowable(ClassBasedTestDescriptor.java:388) ~[junit-jupiter-engine-5.12.2.jar:5.12.2]
	at org.junit.jupiter.engine.descriptor.ClassBasedTestDescriptor.lambda$invokeTestInstancePostProcessors$11(ClassBasedTestDescriptor.java:382) ~[junit-jupiter-engine-5.12.2.jar:5.12.2]
	at java.base/java.util.stream.ForEachOps$ForEachOp$OfRef.accept(ForEachOps.java:184) ~[na:na]
	at java.base/java.util.stream.ReferencePipeline$3$1.accept(ReferencePipeline.java:197) ~[na:na]
	at java.base/java.util.stream.ReferencePipeline$2$1.accept(ReferencePipeline.java:179) ~[na:na]
	at java.base/java.util.stream.ReferencePipeline$3$1.accept(ReferencePipeline.java:197) ~[na:na]
	at java.base/java.util.ArrayList$ArrayListSpliterator.forEachRemaining(ArrayList.java:1708) ~[na:na]
	at java.base/java.util.stream.AbstractPipeline.copyInto(AbstractPipeline.java:509) ~[na:na]
	at java.base/java.util.stream.AbstractPipeline.wrapAndCopyInto(AbstractPipeline.java:499) ~[na:na]
	at java.base/java.util.stream.ForEachOps$ForEachOp.evaluateSequential(ForEachOps.java:151) ~[na:na]
	at java.base/java.util.stream.ForEachOps$ForEachOp$OfRef.evaluateSequential(ForEachOps.java:174) ~[na:na]
	at java.base/java.util.stream.AbstractPipeline.evaluate(AbstractPipeline.java:234) ~[na:na]
	at java.base/java.util.stream.ReferencePipeline.forEach(ReferencePipeline.java:596) ~[na:na]
	at org.junit.jupiter.engine.descriptor.ClassBasedTestDescriptor.invokeTestInstancePostProcessors(ClassBasedTestDescriptor.java:382) ~[junit-jupiter-engine-5.12.2.jar:5.12.2]
	at org.junit.jupiter.engine.descriptor.ClassBasedTestDescriptor.lambda$instantiateAndPostProcessTestInstance$6(ClassBasedTestDescriptor.java:293) ~[junit-jupiter-engine-5.12.2.jar:5.12.2]
	at org.junit.platform.engine.support.hierarchical.ThrowableCollector.execute(ThrowableCollector.java:73) ~[junit-platform-engine-1.12.2.jar:1.12.2]
	at org.junit.jupiter.engine.descriptor.ClassBasedTestDescriptor.instantiateAndPostProcessTestInstance(ClassBasedTestDescriptor.java:292) ~[junit-jupiter-engine-5.12.2.jar:5.12.2]
	at org.junit.jupiter.engine.descriptor.ClassBasedTestDescriptor.lambda$testInstancesProvider$4(ClassBasedTestDescriptor.java:281) ~[junit-jupiter-engine-5.12.2.jar:5.12.2]
	at java.base/java.util.Optional.orElseGet(Optional.java:364) ~[na:na]
	at org.junit.jupiter.engine.descriptor.ClassBasedTestDescriptor.lambda$testInstancesProvider$5(ClassBasedTestDescriptor.java:280) ~[junit-jupiter-engine-5.12.2.jar:5.12.2]
	at org.junit.jupiter.engine.execution.TestInstancesProvider.getTestInstances(TestInstancesProvider.java:27) ~[junit-jupiter-engine-5.12.2.jar:5.12.2]
	at org.junit.jupiter.engine.descriptor.TestMethodTestDescriptor.lambda$prepare$0(TestMethodTestDescriptor.java:112) ~[junit-jupiter-engine-5.12.2.jar:5.12.2]
	at org.junit.platform.engine.support.hierarchical.ThrowableCollector.execute(ThrowableCollector.java:73) ~[junit-platform-engine-1.12.2.jar:1.12.2]
	at org.junit.jupiter.engine.descriptor.TestMethodTestDescriptor.prepare(TestMethodTestDescriptor.java:111) ~[junit-jupiter-engine-5.12.2.jar:5.12.2]
	at org.junit.jupiter.engine.descriptor.TestMethodTestDescriptor.prepare(TestMethodTestDescriptor.java:69) ~[junit-jupiter-engine-5.12.2.jar:5.12.2]
	at org.junit.platform.engine.support.hierarchical.NodeTestTask.lambda$prepare$2(NodeTestTask.java:128) ~[junit-platform-engine-1.12.2.jar:1.12.2]
	at org.junit.platform.engine.support.hierarchical.ThrowableCollector.execute(ThrowableCollector.java:73) ~[junit-platform-engine-1.12.2.jar:1.12.2]
	at org.junit.platform.engine.support.hierarchical.NodeTestTask.prepare(NodeTestTask.java:128) ~[junit-platform-engine-1.12.2.jar:1.12.2]
	at org.junit.platform.engine.support.hierarchical.NodeTestTask.execute(NodeTestTask.java:95) ~[junit-platform-engine-1.12.2.jar:1.12.2]
	at java.base/java.util.ArrayList.forEach(ArrayList.java:1596) ~[na:na]
	at org.junit.platform.engine.support.hierarchical.SameThreadHierarchicalTestExecutorService.invokeAll(SameThreadHierarchicalTestExecutorService.java:41) ~[junit-platform-engine-1.12.2.jar:1.12.2]
	at org.junit.platform.engine.support.hierarchical.NodeTestTask.lambda$executeRecursively$6(NodeTestTask.java:160) ~[junit-platform-engine-1.12.2.jar:1.12.2]
	at org.junit.platform.engine.support.hierarchical.ThrowableCollector.execute(ThrowableCollector.java:73) ~[junit-platform-engine-1.12.2.jar:1.12.2]
	at org.junit.platform.engine.support.hierarchical.NodeTestTask.lambda$executeRecursively$8(NodeTestTask.java:146) ~[junit-platform-engine-1.12.2.jar:1.12.2]
	at org.junit.platform.engine.support.hierarchical.Node.around(Node.java:137) ~[junit-platform-engine-1.12.2.jar:1.12.2]
	at org.junit.platform.engine.support.hierarchical.NodeTestTask.lambda$executeRecursively$9(NodeTestTask.java:144) ~[junit-platform-engine-1.12.2.jar:1.12.2]
	at org.junit.platform.engine.support.hierarchical.ThrowableCollector.execute(ThrowableCollector.java:73) ~[junit-platform-engine-1.12.2.jar:1.12.2]
	at org.junit.platform.engine.support.hierarchical.NodeTestTask.executeRecursively(NodeTestTask.java:143) ~[junit-platform-engine-1.12.2.jar:1.12.2]
	at org.junit.platform.engine.support.hierarchical.NodeTestTask.execute(NodeTestTask.java:100) ~[junit-platform-engine-1.12.2.jar:1.12.2]
	at java.base/java.util.ArrayList.forEach(ArrayList.java:1596) ~[na:na]
	at org.junit.platform.engine.support.hierarchical.SameThreadHierarchicalTestExecutorService.invokeAll(SameThreadHierarchicalTestExecutorService.java:41) ~[junit-platform-engine-1.12.2.jar:1.12.2]
	at org.junit.platform.engine.support.hierarchical.NodeTestTask.lambda$executeRecursively$6(NodeTestTask.java:160) ~[junit-platform-engine-1.12.2.jar:1.12.2]
	at org.junit.platform.engine.support.hierarchical.ThrowableCollector.execute(ThrowableCollector.java:73) ~[junit-platform-engine-1.12.2.jar:1.12.2]
	at org.junit.platform.engine.support.hierarchical.NodeTestTask.lambda$executeRecursively$8(NodeTestTask.java:146) ~[junit-platform-engine-1.12.2.jar:1.12.2]
	at org.junit.platform.engine.support.hierarchical.Node.around(Node.java:137) ~[junit-platform-engine-1.12.2.jar:1.12.2]
	at org.junit.platform.engine.support.hierarchical.NodeTestTask.lambda$executeRecursively$9(NodeTestTask.java:144) ~[junit-platform-engine-1.12.2.jar:1.12.2]
	at org.junit.platform.engine.support.hierarchical.ThrowableCollector.execute(ThrowableCollector.java:73) ~[junit-platform-engine-1.12.2.jar:1.12.2]
	at org.junit.platform.engine.support.hierarchical.NodeTestTask.executeRecursively(NodeTestTask.java:143) ~[junit-platform-engine-1.12.2.jar:1.12.2]
	at org.junit.platform.engine.support.hierarchical.NodeTestTask.execute(NodeTestTask.java:100) ~[junit-platform-engine-1.12.2.jar:1.12.2]
	at org.junit.platform.engine.support.hierarchical.SameThreadHierarchicalTestExecutorService.submit(SameThreadHierarchicalTestExecutorService.java:35) ~[junit-platform-engine-1.12.2.jar:1.12.2]
	at org.junit.platform.engine.support.hierarchical.HierarchicalTestExecutor.execute(HierarchicalTestExecutor.java:57) ~[junit-platform-engine-1.12.2.jar:1.12.2]
	at org.junit.platform.engine.support.hierarchical.HierarchicalTestEngine.execute(HierarchicalTestEngine.java:54) ~[junit-platform-engine-1.12.2.jar:1.12.2]
	at org.junit.platform.launcher.core.EngineExecutionOrchestrator.execute(EngineExecutionOrchestrator.java:201) ~[junit-platform-launcher-1.12.2.jar:1.12.2]
	at org.junit.platform.launcher.core.EngineExecutionOrchestrator.execute(EngineExecutionOrchestrator.java:170) ~[junit-platform-launcher-1.12.2.jar:1.12.2]
	at org.junit.platform.launcher.core.EngineExecutionOrchestrator.execute(EngineExecutionOrchestrator.java:94) ~[junit-platform-launcher-1.12.2.jar:1.12.2]
	at org.junit.platform.launcher.core.EngineExecutionOrchestrator.lambda$execute$0(EngineExecutionOrchestrator.java:59) ~[junit-platform-launcher-1.12.2.jar:1.12.2]
	at org.junit.platform.launcher.core.EngineExecutionOrchestrator.withInterceptedStreams(EngineExecutionOrchestrator.java:142) ~[junit-platform-launcher-1.12.2.jar:1.12.2]
	at org.junit.platform.launcher.core.EngineExecutionOrchestrator.execute(EngineExecutionOrchestrator.java:58) ~[junit-platform-launcher-1.12.2.jar:1.12.2]
	at org.junit.platform.launcher.core.DefaultLauncher.execute(DefaultLauncher.java:103) ~[junit-platform-launcher-1.12.2.jar:1.12.2]
	at org.junit.platform.launcher.core.DefaultLauncher.execute(DefaultLauncher.java:85) ~[junit-platform-launcher-1.12.2.jar:1.12.2]
	at org.junit.platform.launcher.core.DelegatingLauncher.execute(DelegatingLauncher.java:47) ~[junit-platform-launcher-1.12.2.jar:1.12.2]
	at org.junit.platform.launcher.core.InterceptingLauncher.lambda$execute$1(InterceptingLauncher.java:39) ~[junit-platform-launcher-1.12.2.jar:1.12.2]
	at org.junit.platform.launcher.core.ClasspathAlignmentCheckingLauncherInterceptor.intercept(ClasspathAlignmentCheckingLauncherInterceptor.java:25) ~[junit-platform-launcher-1.12.2.jar:1.12.2]
	at org.junit.platform.launcher.core.InterceptingLauncher.execute(InterceptingLauncher.java:38) ~[junit-platform-launcher-1.12.2.jar:1.12.2]
	at org.junit.platform.launcher.core.DelegatingLauncher.execute(DelegatingLauncher.java:47) ~[junit-platform-launcher-1.12.2.jar:1.12.2]
	at org.apache.maven.surefire.junitplatform.LazyLauncher.execute(LazyLauncher.java:56) ~[surefire-junit-platform-3.5.3.jar:3.5.3]
	at org.apache.maven.surefire.junitplatform.JUnitPlatformProvider.execute(JUnitPlatformProvider.java:194) ~[surefire-junit-platform-3.5.3.jar:3.5.3]
	at org.apache.maven.surefire.junitplatform.JUnitPlatformProvider.invokeAllTests(JUnitPlatformProvider.java:150) ~[surefire-junit-platform-3.5.3.jar:3.5.3]
	at org.apache.maven.surefire.junitplatform.JUnitPlatformProvider.invoke(JUnitPlatformProvider.java:124) ~[surefire-junit-platform-3.5.3.jar:3.5.3]
	at org.apache.maven.surefire.booter.ForkedBooter.runSuitesInProcess(ForkedBooter.java:385) ~[surefire-booter-3.5.3.jar:3.5.3]
	at org.apache.maven.surefire.booter.ForkedBooter.execute(ForkedBooter.java:162) ~[surefire-booter-3.5.3.jar:3.5.3]
	at org.apache.maven.surefire.booter.ForkedBooter.run(ForkedBooter.java:507) ~[surefire-booter-3.5.3.jar:3.5.3]
	at org.apache.maven.surefire.booter.ForkedBooter.main(ForkedBooter.java:495) ~[surefire-booter-3.5.3.jar:3.5.3]

2026-07-30T16:43:30.934+05:30  INFO 35196 --- [reconx] [           main] [] []org.hibernate.orm.connections.pooling    : HHH10001005: Database info:
	Database JDBC URL [Connecting through datasource 'HikariDataSource (HikariPool-1)']
	Database driver: undefined/unknown
	Database version: 16.14
	Autocommit mode: undefined/unknown
	Isolation level: undefined/unknown
	Minimum pool size: undefined/unknown
	Maximum pool size: undefined/unknown
2026-07-30T16:43:31.282+05:30  INFO 35196 --- [reconx] [           main] [] []o.s.o.j.p.SpringPersistenceUnitInfo      : No LoadTimeWeaver setup: ignoring JPA class transformer
2026-07-30T16:43:33.622+05:30  INFO 35196 --- [reconx] [           main] [] []o.h.e.t.j.p.i.JtaPlatformInitiator       : HHH000489: No JTA platform available (set 'hibernate.transaction.jta.platform' to enable JTA platform integration)
2026-07-30T16:43:33.698+05:30  INFO 35196 --- [reconx] [           main] [] []j.LocalContainerEntityManagerFactoryBean : Initialized JPA EntityManagerFactory for persistence unit 'default'
2026-07-30T16:43:34.484+05:30  INFO 35196 --- [reconx] [           main] [] []o.s.d.j.r.query.QueryEnhancerFactory     : Hibernate is in classpath; If applicable, HQL parser will be used.
2026-07-30T16:43:36.126+05:30  WARN 35196 --- [reconx] [           main] [] [].s.s.UserDetailsServiceAutoConfiguration : 

Using generated security password: 5c9780b8-3abb-452e-8352-d63ed1d66df1

This generated password is for development use only. Your security configuration must be updated before running your application in production.

2026-07-30T16:43:36.150+05:30  INFO 35196 --- [reconx] [           main] [] []r$InitializeUserDetailsManagerConfigurer : Global AuthenticationManager configured with UserDetailsService bean with name inMemoryUserDetailsManager
2026-07-30T16:43:37.265+05:30  WARN 35196 --- [reconx] [           main] [] []i.m.c.i.b.cache.CaffeineCacheMetrics     : The cache 'instruments' is not recording statistics. No meters except 'cache.size' will be registered. Call 'Caffeine#recordStats()' prior to building the cache for metrics to be recorded.
2026-07-30T16:43:37.266+05:30  WARN 35196 --- [reconx] [           main] [] []i.m.c.i.b.cache.CaffeineCacheMetrics     : The cache 'counterparties' is not recording statistics. No meters except 'cache.size' will be registered. Call 'Caffeine#recordStats()' prior to building the cache for metrics to be recorded.
2026-07-30T16:43:37.353+05:30  INFO 35196 --- [reconx] [           main] [] []o.s.b.a.h2.H2ConsoleAutoConfiguration    : H2 console available at '/h2'. Database available at 'jdbc:postgresql://localhost:55023/reconx?loggerLevel=OFF'
2026-07-30T16:43:37.424+05:30  INFO 35196 --- [reconx] [           main] [] []o.s.b.a.e.web.EndpointLinksResolver      : Exposing 5 endpoints beneath base path '/actuator'
2026-07-30T16:43:37.542+05:30  INFO 35196 --- [reconx] [           main] [] []c.d.r.s.ReconciliationIntegrationTest    : Started ReconciliationIntegrationTest in 15.875 seconds (process running for 24.261)
]]></system-out>
    <system-err><![CDATA[Mockito is currently self-attaching to enable the inline-mock-maker. This will no longer work in future releases of the JDK. Please add Mockito as an agent to your build as described in Mockito's documentation: https://javadoc.io/doc/org.mockito/mockito-core/latest/org.mockito/org/mockito/Mockito.html#0.3
WARNING: A Java agent has been loaded dynamically (C:\Users\nandh\.m2\repository\net\bytebuddy\byte-buddy-agent\1.17.5\byte-buddy-agent-1.17.5.jar)
WARNING: If a serviceability tool is in use, please run with -XX:+EnableDynamicAgentLoading to hide this warning
WARNING: If a serviceability tool is not in use, please run with -Djdk.instrument.traceUsage for more information
WARNING: Dynamic loading of agents will be disallowed by default in a future release
]]></system-err>
  </testcase>
</testsuite>